2025-04-22T08:45:33.184+05:30  INFO 13668 --- [StudentManagementSpringDataJpaRest] [main] ntManagementSpringDataJpaRestApplication : Starting StudentManagementSpringDataJpaRestApplication using Java 21.0.6 with PID 13668 (C:\Java FSE\Core_workspace\StudentManagementSpringDataJpaRest\target\classes started by 2400951 in C:\Java FSE\Core_workspace\StudentManagementSpringDataJpaRest)
2025-04-22T08:45:33.206+05:30  INFO 13668 --- [StudentManagementSpringDataJpaRest] [main] ntManagementSpringDataJpaRestApplication : No active profile set, falling back to 1 default profile: "default"
2025-04-22T08:45:34.977+05:30  INFO 13668 --- [StudentManagementSpringDataJpaRest] [main] .s.d.r.c.RepositoryConfigurationDelegate : Bootstrapping Spring Data JPA repositories in DEFAULT mode.
2025-04-22T08:45:35.122+05:30  INFO 13668 --- [StudentManagementSpringDataJpaRest] [main] .s.d.r.c.RepositoryConfigurationDelegate : Finished Spring Data repository scanning in 113 ms. Found 1 JPA repository interface.
2025-04-22T08:45:36.056+05:30  INFO 13668 --- [StudentManagementSpringDataJpaRest] [main] o.s.b.w.embedded.tomcat.TomcatWebServer  : Tomcat initialized with port 6666 (http)
2025-04-22T08:45:36.099+05:30  INFO 13668 --- [StudentManagementSpringDataJpaRest] [main] o.apache.catalina.core.StandardService   : Starting service [Tomcat]
2025-04-22T08:45:36.100+05:30  INFO 13668 --- [StudentManagementSpringDataJpaRest] [main] o.apache.catalina.core.StandardEngine    : Starting Servlet engine: [Apache Tomcat/10.1.39]
2025-04-22T08:45:36.251+05:30  INFO 13668 --- [StudentManagementSpringDataJpaRest] [main] o.a.c.c.C.[Tomcat].[localhost].[/]       : Initializing Spring embedded WebApplicationContext
2025-04-22T08:45:36.252+05:30  INFO 13668 --- [StudentManagementSpringDataJpaRest] [main] w.s.c.ServletWebServerApplicationContext : Root WebApplicationContext: initialization completed in 2901 ms
2025-04-22T08:45:36.654+05:30  INFO 13668 --- [StudentManagementSpringDataJpaRest] [main] o.hibernate.jpa.internal.util.LogHelper  : HHH000204: Processing PersistenceUnitInfo [name: default]
2025-04-22T08:45:36.864+05:30  INFO 13668 --- [StudentManagementSpringDataJpaRest] [main] org.hibernate.Version                    : HHH000412: Hibernate ORM core version 6.6.11.Final
2025-04-22T08:45:37.001+05:30  INFO 13668 --- [StudentManagementSpringDataJpaRest] [main] o.h.c.internal.RegionFactoryInitiator    : HHH000026: Second-level cache disabled
2025-04-22T08:45:37.846+05:30  INFO 13668 --- [StudentManagementSpringDataJpaRest] [main] o.s.o.j.p.SpringPersistenceUnitInfo      : No LoadTimeWeaver setup: ignoring JPA class transformer
2025-04-22T08:45:37.944+05:30  INFO 13668 --- [StudentManagementSpringDataJpaRest] [main] com.zaxxer.hikari.HikariDataSource       : HikariPool-1 - Starting...
2025-04-22T08:45:38.665+05:30  INFO 13668 --- [StudentManagementSpringDataJpaRest] [main] com.zaxxer.hikari.pool.HikariPool        : HikariPool-1 - Added connection com.mysql.cj.jdbc.ConnectionImpl@2c815fdc
2025-04-22T08:45:38.670+05:30  INFO 13668 --- [StudentManagementSpringDataJpaRest] [main] com.zaxxer.hikari.HikariDataSource       : HikariPool-1 - Start completed.
2025-04-22T08:45:38.792+05:30  WARN 13668 --- [StudentManagementSpringDataJpaRest] [main] org.hibernate.orm.deprecation            : HHH90000025: MySQLDialect does not need to be specified explicitly using 'hibernate.dialect' (remove the property setting and it will be selected by default)
2025-04-22T08:45:38.844+05:30  INFO 13668 --- [StudentManagementSpringDataJpaRest] [main] org.hibernate.orm.connections.pooling    : HHH10001005: Database info:
	Database JDBC URL [Connecting through datasource 'HikariDataSource (HikariPool-1)']
	Database driver: undefined/unknown
	Database version: 8.0.41
	Autocommit mode: undefined/unknown
	Isolation level: undefined/unknown
	Minimum pool size: undefined/unknown
	Maximum pool size: undefined/unknown
2025-04-22T08:45:40.747+05:30  INFO 13668 --- [StudentManagementSpringDataJpaRest] [main] o.h.e.t.j.p.i.JtaPlatformInitiator       : HHH000489: No JTA platform available (set 'hibernate.transaction.jta.platform' to enable JTA platform integration)
2025-04-22T08:45:41.004+05:30  INFO 13668 --- [StudentManagementSpringDataJpaRest] [main] j.LocalContainerEntityManagerFactoryBean : Initialized JPA EntityManagerFactory for persistence unit 'default'
2025-04-22T08:45:41.637+05:30  WARN 13668 --- [StudentManagementSpringDataJpaRest] [main] JpaBaseConfiguration$JpaWebConfiguration : spring.jpa.open-in-view is enabled by default. Therefore, database queries may be performed during view rendering. Explicitly configure spring.jpa.open-in-view to disable this warning
2025-04-22T08:45:42.266+05:30  INFO 13668 --- [StudentManagementSpringDataJpaRest] [main] o.s.b.w.embedded.tomcat.TomcatWebServer  : Tomcat started on port 6666 (http) with context path '/'
2025-04-22T08:45:42.279+05:30  INFO 13668 --- [StudentManagementSpringDataJpaRest] [main] ntManagementSpringDataJpaRestApplication : Started StudentManagementSpringDataJpaRestApplication in 10.081 seconds (process running for 11.56)
2025-04-22T08:46:30.547+05:30  INFO 13668 --- [StudentManagementSpringDataJpaRest] [http-nio-6666-exec-2] o.a.c.c.C.[Tomcat].[localhost].[/]       : Initializing Spring DispatcherServlet 'dispatcherServlet'
2025-04-22T08:46:30.548+05:30  INFO 13668 --- [StudentManagementSpringDataJpaRest] [http-nio-6666-exec-2] o.s.web.servlet.DispatcherServlet        : Initializing Servlet 'dispatcherServlet'
2025-04-22T08:46:30.552+05:30  INFO 13668 --- [StudentManagementSpringDataJpaRest] [http-nio-6666-exec-2] o.s.web.servlet.DispatcherServlet        : Completed initialization in 3 ms
2025-04-22T10:05:21.161+05:30  INFO 13668 --- [StudentManagementSpringDataJpaRest] [RMI TCP Connection(89)-127.0.0.1] inMXBeanRegistrar$SpringApplicationAdmin : Application shutdown requested.
2025-04-22T10:05:21.195+05:30  INFO 13668 --- [StudentManagementSpringDataJpaRest] [RMI TCP Connection(89)-127.0.0.1] o.s.b.w.e.tomcat.GracefulShutdown        : Commencing graceful shutdown. Waiting for active requests to complete
2025-04-22T10:05:21.206+05:30  INFO 13668 --- [StudentManagementSpringDataJpaRest] [tomcat-shutdown] o.s.b.w.e.tomcat.GracefulShutdown        : Graceful shutdown complete
2025-04-22T10:05:21.220+05:30  INFO 13668 --- [StudentManagementSpringDataJpaRest] [RMI TCP Connection(89)-127.0.0.1] j.LocalContainerEntityManagerFactoryBean : Closing JPA EntityManagerFactory for persistence unit 'default'
2025-04-22T10:05:21.236+05:30  INFO 13668 --- [StudentManagementSpringDataJpaRest] [RMI TCP Connection(89)-127.0.0.1] com.zaxxer.hikari.HikariDataSource       : HikariPool-1 - Shutdown initiated...
2025-04-22T10:05:21.244+05:30  INFO 13668 --- [StudentManagementSpringDataJpaRest] [RMI TCP Connection(89)-127.0.0.1] com.zaxxer.hikari.HikariDataSource       : HikariPool-1 - Shutdown completed.
2025-04-22T10:05:29.567+05:30  INFO 28804 --- [StudentManagementSpringDataJpaRest] [main] ntManagementSpringDataJpaRestApplication : Starting StudentManagementSpringDataJpaRestApplication using Java 21.0.6 with PID 28804 (C:\Java FSE\Core_workspace\StudentManagementSpringDataJpaRest\target\classes started by 2400951 in C:\Java FSE\Core_workspace\StudentManagementSpringDataJpaRest)
2025-04-22T10:05:29.569+05:30  INFO 28804 --- [StudentManagementSpringDataJpaRest] [main] ntManagementSpringDataJpaRestApplication : No active profile set, falling back to 1 default profile: "default"
2025-04-22T10:05:30.256+05:30  INFO 28804 --- [StudentManagementSpringDataJpaRest] [main] .s.d.r.c.RepositoryConfigurationDelegate : Bootstrapping Spring Data JPA repositories in DEFAULT mode.
2025-04-22T10:05:30.303+05:30  INFO 28804 --- [StudentManagementSpringDataJpaRest] [main] .s.d.r.c.RepositoryConfigurationDelegate : Finished Spring Data repository scanning in 38 ms. Found 1 JPA repository interface.
2025-04-22T10:05:30.683+05:30  INFO 28804 --- [StudentManagementSpringDataJpaRest] [main] o.s.b.w.embedded.tomcat.TomcatWebServer  : Tomcat initialized with port 6666 (http)
2025-04-22T10:05:30.717+05:30  INFO 28804 --- [StudentManagementSpringDataJpaRest] [main] o.apache.catalina.core.StandardService   : Starting service [Tomcat]
2025-04-22T10:05:30.717+05:30  INFO 28804 --- [StudentManagementSpringDataJpaRest] [main] o.apache.catalina.core.StandardEngine    : Starting Servlet engine: [Apache Tomcat/10.1.39]
2025-04-22T10:05:30.773+05:30  INFO 28804 --- [StudentManagementSpringDataJpaRest] [main] o.a.c.c.C.[Tomcat].[localhost].[/]       : Initializing Spring embedded WebApplicationContext
2025-04-22T10:05:30.774+05:30  INFO 28804 --- [StudentManagementSpringDataJpaRest] [main] w.s.c.ServletWebServerApplicationContext : Root WebApplicationContext: initialization completed in 1144 ms
2025-04-22T10:05:30.919+05:30  INFO 28804 --- [StudentManagementSpringDataJpaRest] [main] o.hibernate.jpa.internal.util.LogHelper  : HHH000204: Processing PersistenceUnitInfo [name: default]
2025-04-22T10:05:31.002+05:30  INFO 28804 --- [StudentManagementSpringDataJpaRest] [main] org.hibernate.Version                    : HHH000412: Hibernate ORM core version 6.6.11.Final
2025-04-22T10:05:31.059+05:30  INFO 28804 --- [StudentManagementSpringDataJpaRest] [main] o.h.c.internal.RegionFactoryInitiator    : HHH000026: Second-level cache disabled
2025-04-22T10:05:31.363+05:30  INFO 28804 --- [StudentManagementSpringDataJpaRest] [main] o.s.o.j.p.SpringPersistenceUnitInfo      : No LoadTimeWeaver setup: ignoring JPA class transformer
2025-04-22T10:05:31.413+05:30  INFO 28804 --- [StudentManagementSpringDataJpaRest] [main] com.zaxxer.hikari.HikariDataSource       : HikariPool-1 - Starting...
2025-04-22T10:05:31.966+05:30  INFO 28804 --- [StudentManagementSpringDataJpaRest] [main] com.zaxxer.hikari.pool.HikariPool        : HikariPool-1 - Added connection com.mysql.cj.jdbc.ConnectionImpl@48b2dbc4
2025-04-22T10:05:31.970+05:30  INFO 28804 --- [StudentManagementSpringDataJpaRest] [main] com.zaxxer.hikari.HikariDataSource       : HikariPool-1 - Start completed.
2025-04-22T10:05:32.040+05:30  WARN 28804 --- [StudentManagementSpringDataJpaRest] [main] org.hibernate.orm.deprecation            : HHH90000025: MySQLDialect does not need to be specified explicitly using 'hibernate.dialect' (remove the property setting and it will be selected by default)
2025-04-22T10:05:32.059+05:30  INFO 28804 --- [StudentManagementSpringDataJpaRest] [main] org.hibernate.orm.connections.pooling    : HHH10001005: Database info:
	Database JDBC URL [Connecting through datasource 'HikariDataSource (HikariPool-1)']
	Database driver: undefined/unknown
	Database version: 8.0.41
	Autocommit mode: undefined/unknown
	Isolation level: undefined/unknown
	Minimum pool size: undefined/unknown
	Maximum pool size: undefined/unknown
2025-04-22T10:05:33.243+05:30  INFO 28804 --- [StudentManagementSpringDataJpaRest] [main] o.h.e.t.j.p.i.JtaPlatformInitiator       : HHH000489: No JTA platform available (set 'hibernate.transaction.jta.platform' to enable JTA platform integration)
2025-04-22T10:05:33.453+05:30  INFO 28804 --- [StudentManagementSpringDataJpaRest] [main] j.LocalContainerEntityManagerFactoryBean : Initialized JPA EntityManagerFactory for persistence unit 'default'
2025-04-22T10:05:33.726+05:30  WARN 28804 --- [StudentManagementSpringDataJpaRest] [main] JpaBaseConfiguration$JpaWebConfiguration : spring.jpa.open-in-view is enabled by default. Therefore, database queries may be performed during view rendering. Explicitly configure spring.jpa.open-in-view to disable this warning
2025-04-22T10:05:34.013+05:30  INFO 28804 --- [StudentManagementSpringDataJpaRest] [main] o.s.b.w.embedded.tomcat.TomcatWebServer  : Tomcat started on port 6666 (http) with context path '/'
2025-04-22T10:05:34.021+05:30  INFO 28804 --- [StudentManagementSpringDataJpaRest] [main] ntManagementSpringDataJpaRestApplication : Started StudentManagementSpringDataJpaRestApplication in 4.867 seconds (process running for 5.927)
2025-04-22T10:06:36.678+05:30  INFO 28804 --- [StudentManagementSpringDataJpaRest] [http-nio-6666-exec-2] o.a.c.c.C.[Tomcat].[localhost].[/]       : Initializing Spring DispatcherServlet 'dispatcherServlet'
2025-04-22T10:06:36.679+05:30  INFO 28804 --- [StudentManagementSpringDataJpaRest] [http-nio-6666-exec-2] o.s.web.servlet.DispatcherServlet        : Initializing Servlet 'dispatcherServlet'
2025-04-22T10:06:36.680+05:30  INFO 28804 --- [StudentManagementSpringDataJpaRest] [http-nio-6666-exec-2] o.s.web.servlet.DispatcherServlet        : Completed initialization in 1 ms
2025-04-22T10:51:12.405+05:30  INFO 28804 --- [StudentManagementSpringDataJpaRest] [RMI TCP Connection(55)-127.0.0.1] inMXBeanRegistrar$SpringApplicationAdmin : Application shutdown requested.
2025-04-22T10:51:12.410+05:30  INFO 28804 --- [StudentManagementSpringDataJpaRest] [RMI TCP Connection(55)-127.0.0.1] o.s.b.w.e.tomcat.GracefulShutdown        : Commencing graceful shutdown. Waiting for active requests to complete
2025-04-22T10:51:12.415+05:30  INFO 28804 --- [StudentManagementSpringDataJpaRest] [tomcat-shutdown] o.s.b.w.e.tomcat.GracefulShutdown        : Graceful shutdown complete
2025-04-22T10:51:12.421+05:30  INFO 28804 --- [StudentManagementSpringDataJpaRest] [RMI TCP Connection(55)-127.0.0.1] j.LocalContainerEntityManagerFactoryBean : Closing JPA EntityManagerFactory for persistence unit 'default'
2025-04-22T10:51:12.425+05:30  INFO 28804 --- [StudentManagementSpringDataJpaRest] [RMI TCP Connection(55)-127.0.0.1] com.zaxxer.hikari.HikariDataSource       : HikariPool-1 - Shutdown initiated...
2025-04-22T10:51:12.431+05:30  INFO 28804 --- [StudentManagementSpringDataJpaRest] [RMI TCP Connection(55)-127.0.0.1] com.zaxxer.hikari.HikariDataSource       : HikariPool-1 - Shutdown completed.
